Build started 9/4/2016 1:39:14 PM.
     1>Project "C:\Users\DarrenLim\Desktop\School\PopulationViewer\PopulationViewer\PopulationViewer.vcxproj" on node 2 (build target(s)).
     1>InitializeBuildStatus:
         Creating "Debug\PopulationViewer.unsuccessfulbuild" because "AlwaysCreate" was specified.
       ClCompile:
         C:\Program Files (x86)\Microsoft Visual Studio 10.0\VC\bin\CL.exe /c /ZI /nologo /W3 /WX- /Od /Oy- /D WIN32 /D _DEBUG /D _CONSOLE /D _UNICODE /D UNICODE /Gm /EHsc /RTC1 /MDd /GS /fp:precise /Zc:wchar_t /Zc:forScope /Fo"Debug\\" /Fd"Debug\vc100.pdb" /Gd /TC /analyze- /errorReport:prompt Data.c Menu.c Project.c Selection.c
         Selection.c
     1>c:\users\darrenlim\desktop\school\populationviewer\populationviewer\selection.c(31): warning C4996: 'scanf': This function or variable may be unsafe. Consider using scanf_s instead. To disable deprecation, use _CRT_SECURE_NO_WARNINGS. See online help for details.
                 c:\program files (x86)\microsoft visual studio 10.0\vc\include\stdio.h(304) : see declaration of 'scanf'
     1>c:\users\darrenlim\desktop\school\populationviewer\populationviewer\selection.c(43): warning C4996: 'scanf': This function or variable may be unsafe. Consider using scanf_s instead. To disable deprecation, use _CRT_SECURE_NO_WARNINGS. See online help for details.
                 c:\program files (x86)\microsoft visual studio 10.0\vc\include\stdio.h(304) : see declaration of 'scanf'
     1>c:\users\darrenlim\desktop\school\populationviewer\populationviewer\selection.c(91): warning C4996: 'scanf': This function or variable may be unsafe. Consider using scanf_s instead. To disable deprecation, use _CRT_SECURE_NO_WARNINGS. See online help for details.
                 c:\program files (x86)\microsoft visual studio 10.0\vc\include\stdio.h(304) : see declaration of 'scanf'
     1>c:\users\darrenlim\desktop\school\populationviewer\populationviewer\selection.c(118): warning C4996: 'scanf': This function or variable may be unsafe. Consider using scanf_s instead. To disable deprecation, use _CRT_SECURE_NO_WARNINGS. See online help for details.
                 c:\program files (x86)\microsoft visual studio 10.0\vc\include\stdio.h(304) : see declaration of 'scanf'
     1>c:\users\darrenlim\desktop\school\populationviewer\populationviewer\selection.c(132): warning C4996: 'scanf': This function or variable may be unsafe. Consider using scanf_s instead. To disable deprecation, use _CRT_SECURE_NO_WARNINGS. See online help for details.
                 c:\program files (x86)\microsoft visual studio 10.0\vc\include\stdio.h(304) : see declaration of 'scanf'
     1>c:\users\darrenlim\desktop\school\populationviewer\populationviewer\selection.c(159): warning C4996: 'scanf': This function or variable may be unsafe. Consider using scanf_s instead. To disable deprecation, use _CRT_SECURE_NO_WARNINGS. See online help for details.
                 c:\program files (x86)\microsoft visual studio 10.0\vc\include\stdio.h(304) : see declaration of 'scanf'
     1>c:\users\darrenlim\desktop\school\populationviewer\populationviewer\selection.c(173): warning C4996: 'scanf': This function or variable may be unsafe. Consider using scanf_s instead. To disable deprecation, use _CRT_SECURE_NO_WARNINGS. See online help for details.
                 c:\program files (x86)\microsoft visual studio 10.0\vc\include\stdio.h(304) : see declaration of 'scanf'
     1>c:\users\darrenlim\desktop\school\populationviewer\populationviewer\selection.c(198): warning C4996: 'scanf': This function or variable may be unsafe. Consider using scanf_s instead. To disable deprecation, use _CRT_SECURE_NO_WARNINGS. See online help for details.
                 c:\program files (x86)\microsoft visual studio 10.0\vc\include\stdio.h(304) : see declaration of 'scanf'
     1>c:\users\darrenlim\desktop\school\populationviewer\populationviewer\selection.c(212): warning C4996: 'scanf': This function or variable may be unsafe. Consider using scanf_s instead. To disable deprecation, use _CRT_SECURE_NO_WARNINGS. See online help for details.
                 c:\program files (x86)\microsoft visual studio 10.0\vc\include\stdio.h(304) : see declaration of 'scanf'
     1>c:\users\darrenlim\desktop\school\populationviewer\populationviewer\selection.c(17): warning C4101: 'i' : unreferenced local variable
     1>c:\users\darrenlim\desktop\school\populationviewer\populationviewer\selection.c(258): warning C4996: 'scanf': This function or variable may be unsafe. Consider using scanf_s instead. To disable deprecation, use _CRT_SECURE_NO_WARNINGS. See online help for details.
                 c:\program files (x86)\microsoft visual studio 10.0\vc\include\stdio.h(304) : see declaration of 'scanf'
     1>c:\users\darrenlim\desktop\school\populationviewer\populationviewer\selection.c(271): warning C4244: '=' : conversion from 'double' to 'float', possible loss of data
     1>c:\users\darrenlim\desktop\school\populationviewer\populationviewer\selection.c(280): warning C4996: 'scanf': This function or variable may be unsafe. Consider using scanf_s instead. To disable deprecation, use _CRT_SECURE_NO_WARNINGS. See online help for details.
                 c:\program files (x86)\microsoft visual studio 10.0\vc\include\stdio.h(304) : see declaration of 'scanf'
     1>c:\users\darrenlim\desktop\school\populationviewer\populationviewer\selection.c(309): warning C4244: '=' : conversion from 'double' to 'float', possible loss of data
     1>c:\users\darrenlim\desktop\school\populationviewer\populationviewer\selection.c(318): warning C4996: 'scanf': This function or variable may be unsafe. Consider using scanf_s instead. To disable deprecation, use _CRT_SECURE_NO_WARNINGS. See online help for details.
                 c:\program files (x86)\microsoft visual studio 10.0\vc\include\stdio.h(304) : see declaration of 'scanf'
     1>c:\users\darrenlim\desktop\school\populationviewer\populationviewer\selection.c(346): warning C4244: '=' : conversion from 'double' to 'float', possible loss of data
     1>c:\users\darrenlim\desktop\school\populationviewer\populationviewer\selection.c(355): warning C4996: 'scanf': This function or variable may be unsafe. Consider using scanf_s instead. To disable deprecation, use _CRT_SECURE_NO_WARNINGS. See online help for details.
                 c:\program files (x86)\microsoft visual studio 10.0\vc\include\stdio.h(304) : see declaration of 'scanf'
     1>c:\users\darrenlim\desktop\school\populationviewer\populationviewer\selection.c(384): warning C4244: '=' : conversion from 'double' to 'float', possible loss of data
     1>c:\users\darrenlim\desktop\school\populationviewer\populationviewer\selection.c(393): warning C4996: 'scanf': This function or variable may be unsafe. Consider using scanf_s instead. To disable deprecation, use _CRT_SECURE_NO_WARNINGS. See online help for details.
                 c:\program files (x86)\microsoft visual studio 10.0\vc\include\stdio.h(304) : see declaration of 'scanf'
     1>c:\users\darrenlim\desktop\school\populationviewer\populationviewer\selection.c(423): warning C4244: '=' : conversion from 'double' to 'float', possible loss of data
     1>c:\users\darrenlim\desktop\school\populationviewer\populationviewer\selection.c(432): warning C4996: 'scanf': This function or variable may be unsafe. Consider using scanf_s instead. To disable deprecation, use _CRT_SECURE_NO_WARNINGS. See online help for details.
                 c:\program files (x86)\microsoft visual studio 10.0\vc\include\stdio.h(304) : see declaration of 'scanf'
     1>c:\users\darrenlim\desktop\school\populationviewer\populationviewer\selection.c(245): warning C4101: 'j' : unreferenced local variable
         Project.c
     1>c:\users\darrenlim\desktop\school\populationviewer\populationviewer\project.c(18): warning C4996: 'scanf': This function or variable may be unsafe. Consider using scanf_s instead. To disable deprecation, use _CRT_SECURE_NO_WARNINGS. See online help for details.
                 c:\program files (x86)\microsoft visual studio 10.0\vc\include\stdio.h(304) : see declaration of 'scanf'
         Menu.c
         Data.c
         Generating Code...
       Link:
         C:\Program Files (x86)\Microsoft Visual Studio 10.0\VC\bin\link.exe /ERRORREPORT:PROMPT /OUT:"C:\Users\DarrenLim\Desktop\School\PopulationViewer\Debug\PopulationViewer.exe" /INCREMENTAL:NO /NOLOGO kernel32.lib user32.lib gdi32.lib winspool.lib comdlg32.lib advapi32.lib shell32.lib ole32.lib oleaut32.lib uuid.lib odbc32.lib odbccp32.lib /MANIFEST /ManifestFile:"Debug\PopulationViewer.exe.intermediate.manifest" /MANIFESTUAC:"level='asInvoker' uiAccess='false'" /DEBUG /PDB:"C:\Users\DarrenLim\Desktop\School\PopulationViewer\Debug\PopulationViewer.pdb" /SUBSYSTEM:CONSOLE /TLBID:1 /DYNAMICBASE /NXCOMPAT /IMPLIB:"C:\Users\DarrenLim\Desktop\School\PopulationViewer\Debug\PopulationViewer.lib" /MACHINE:X86 Debug\Data.obj
         Debug\Menu.obj
         Debug\Project.obj
         Debug\Selection.obj
     1>Data.obj : warning LNK4075: ignoring '/EDITANDCONTINUE' due to '/INCREMENTAL:NO' specification
         PopulationViewer.vcxproj -> C:\Users\DarrenLim\Desktop\School\PopulationViewer\Debug\PopulationViewer.exe
       Manifest:
         C:\Program Files (x86)\Microsoft SDKs\Windows\v7.0A\bin\mt.exe /nologo /verbose /outputresource:"C:\Users\DarrenLim\Desktop\School\PopulationViewer\Debug\PopulationViewer.exe;#1" /manifest Debug\PopulationViewer.exe.intermediate.manifest
       FinalizeBuildStatus:
         Deleting file "Debug\PopulationViewer.unsuccessfulbuild".
         Touching "Debug\PopulationViewer.lastbuildstate".
     1>Done Building Project "C:\Users\DarrenLim\Desktop\School\PopulationViewer\PopulationViewer\PopulationViewer.vcxproj" (build target(s)).

Build succeeded.

Time Elapsed 00:00:03.29
